app/build/outputs/logs/manifest-merger-debug-report.txt
-- Merging decision tree log ---
manifest
ADDED from src/main/AndroidManifest.xml:2:1-338:12
	package
		ADDED from src/main/AndroidManifest.xml:3:5-43
		INJECTED from src/main/AndroidManifest.xml
		INJECTED from src/main/AndroidManifest.xml
	android:versionName
		INJECTED from src/main/AndroidManifest.xml
		INJECTED from src/main/AndroidManifest.xml
	xmlns:android
		ADDED from src/main/AndroidManifest.xml:2:11-69
	android:versionCode
		INJECTED from src/main/AndroidManifest.xml
		INJECTED from src/main/AndroidManifest.xml
uses-permission#android.permission.BLUETOOTH
ADDED from src/main/AndroidManifest.xml:9:5-68
	android:name
		ADDED from src/main/AndroidManifest.xml:9:22-65
uses-permission#android.permission.BLUETOOTH_ADMIN
ADDED from src/main/AndroidManifest.xml:10:5-74
	android:name
		ADDED from src/main/AndroidManifest.xml:10:22-71
uses-permission#android.permission.READ_PHONE_STATE
ADDED from src/main/AndroidManifest.xml:11:5-75
	android:name
		ADDED from src/main/AndroidManifest.xml:11:22-72
uses-permission#android.permission.PROCESS_OUTGOING_CALLS
ADDED from src/main/AndroidManifest.xml:12:5-81
	android:name
		ADDED from src/main/AndroidManifest.xml:12:22-78
uses-permission#android.permission.CALL_PHONE
ADDED from src/main/AndroidManifest.xml:13:5-69
	android:name
		ADDED from src/main/AndroidManifest.xml:13:22-66
uses-permission#android.permission.RECEIVE_SMS
ADDED from src/main/AndroidManifest.xml:14:5-70
	android:name
		ADDED from src/main/AndroidManifest.xml:14:22-67
uses-permission#android.permission.SEND_SMS
ADDED from src/main/AndroidManifest.xml:15:5-67
	android:name
		ADDED from src/main/AndroidManifest.xml:15:22-64
uses-permission#android.permission.READ_CONTACTS
ADDED from src/main/AndroidManifest.xml:16:5-72
	android:name
		ADDED from src/main/AndroidManifest.xml:16:22-69
uses-permission#android.permission.READ_EXTERNAL_STORAGE
ADDED from src/main/AndroidManifest.xml:17:5-80
	android:name
		ADDED from src/main/AndroidManifest.xml:17:22-77
uses-permission#com.fsck.k9.permission.READ_MESSAGES
ADDED from src/main/AndroidManifest.xml:18:5-76
	android:name
		ADDED from src/main/AndroidManifest.xml:18:22-73
uses-permission#android.permission.READ_CALENDAR
ADDED from src/main/AndroidManifest.xml:19:5-72
	android:name
		ADDED from src/main/AndroidManifest.xml:19:22-69
uses-permission#android.permission.ACCESS_COARSE_LOCATION
ADDED from src/main/AndroidManifest.xml:20:5-81
	android:name
		ADDED from src/main/AndroidManifest.xml:20:22-78
uses-feature#android.hardware.bluetooth
ADDED from src/main/AndroidManifest.xml:22:5-24:35
	android:required
		ADDED from src/main/AndroidManifest.xml:24:9-32
	android:name
		ADDED from src/main/AndroidManifest.xml:23:9-50
uses-feature#android.hardware.bluetooth_le
ADDED from src/main/AndroidManifest.xml:25:5-27:36
	android:required
		ADDED from src/main/AndroidManifest.xml:27:9-33
	android:name
		ADDED from src/main/AndroidManifest.xml:26:9-53
uses-feature#android.hardware.telephony
ADDED from src/main/AndroidManifest.xml:28:5-30:36
	android:required
		ADDED from src/main/AndroidManifest.xml:30:9-33
	android:name
		ADDED from src/main/AndroidManifest.xml:29:9-50
application
ADDED from src/main/AndroidManifest.xml:32:5-336:19
MERGED from [com.android.support:design:23.3.0] AndroidManifest.xml:22:5-20
MERGED from [de.cketti.library.changelog:ckchangelog:1.2.2] AndroidManifest.xml:9:5-20
MERGED from [com.google.firebase:firebase-core:10.2.4] AndroidManifest.xml:5:5-20
MERGED from [com.google.firebase:firebase-analytics:10.2.4] AndroidManifest.xml:24:5-33:19
MERGED from [com.google.firebase:firebase-analytics-impl:10.2.4] AndroidManifest.xml:24:5-28:19
MERGED from [com.google.firebase:firebase-iid:10.2.4] AndroidManifest.xml:28:5-49:19
MERGED from [com.firebaseui:firebase-ui-database:1.2.0] AndroidManifest.xml:13:5-17:19
MERGED from [com.android.support:appcompat-v7:25.1.1] AndroidManifest.xml:25:5-20
MERGED from [com.android.support:animated-vector-drawable:25.1.1] AndroidManifest.xml:22:5-20
MERGED from [com.android.support:support-vector-drawable:25.1.1] AndroidManifest.xml:23:5-20
MERGED from [com.google.firebase:firebase-auth:10.2.4] AndroidManifest.xml:19:5-20:19
MERGED from [com.google.android.gms:play-services-base:10.2.4] AndroidManifest.xml:18:5-20:19
MERGED from [com.google.firebase:firebase-common:10.2.4] AndroidManifest.xml:4:5-7:19
MERGED from [com.google.android.gms:play-services-tasks:10.2.4] AndroidManifest.xml:4:5-19
MERGED from [com.google.android.gms:play-services-basement:10.2.4] AndroidManifest.xml:19:5-21:19
MERGED from [com.android.support:support-v4:25.1.1] AndroidManifest.xml:25:5-20
MERGED from [com.android.support:support-fragment:25.1.1] AndroidManifest.xml:25:5-20
MERGED from [com.android.support:support-media-compat:25.1.1] AndroidManifest.xml:25:5-20
MERGED from [com.android.support:support-core-ui:25.1.1] AndroidManifest.xml:25:5-20
MERGED from [com.android.support:support-core-utils:25.1.1] AndroidManifest.xml:25:5-20
MERGED from [com.android.support:support-compat:25.1.1] AndroidManifest.xml:25:5-20
	android:label
		ADDED from src/main/AndroidManifest.xml:37:9-41
	android:fullBackupContent
		ADDED from src/main/AndroidManifest.xml:35:9-42
	android:allowBackup
		ADDED from src/main/AndroidManifest.xml:34:9-36
	android:icon
		ADDED from src/main/AndroidManifest.xml:36:9-45
	android:theme
		ADDED from src/main/AndroidManifest.xml:38:9-40
	android:name
		ADDED from src/main/AndroidManifest.xml:33:9-58
activity#nodomain.strive.vimo.activities.ControlCenter
ADDED from src/main/AndroidManifest.xml:39:9-47:20
	android:label
		ADDED from src/main/AndroidManifest.xml:41:13-65
	android:name
		ADDED from src/main/AndroidManifest.xml:40:13-73
intent-filter#android.intent.action.MAIN+android.intent.category.LAUNCHER
ADDED from src/main/AndroidManifest.xml:42:13-46:29
action#android.intent.action.MAIN
ADDED from src/main/AndroidManifest.xml:43:17-69
	android:name
		ADDED from src/main/AndroidManifest.xml:43:25-66
category#android.intent.category.LAUNCHER
ADDED from src/main/AndroidManifest.xml:45:17-77
	android:name
		ADDED from src/main/AndroidManifest.xml:45:27-74
activity#nodomain.strive.vimo.activities.SettingsActivity
ADDED from src/main/AndroidManifest.xml:48:9-51:90
	android:label
		ADDED from src/main/AndroidManifest.xml:50:13-60
	android:parentActivityName
		ADDED from src/main/AndroidManifest.xml:51:13-87
	android:name
		ADDED from src/main/AndroidManifest.xml:49:13-76
activity#nodomain.strive.vimo.devices.miband.MiBandPreferencesActivity
ADDED from src/main/AndroidManifest.xml:52:9-55:93
	android:label
		ADDED from src/main/AndroidManifest.xml:54:13-64
	android:parentActivityName
		ADDED from src/main/AndroidManifest.xml:55:13-90
	android:name
		ADDED from src/main/AndroidManifest.xml:53:13-89
activity#nodomain.strive.vimo.activities.appmanager.AppManagerActivity
ADDED from src/main/AndroidManifest.xml:56:9-60:90
	android:label
		ADDED from src/main/AndroidManifest.xml:59:13-62
	android:parentActivityName
		ADDED from src/main/AndroidManifest.xml:60:13-87
	android:launchMode
		ADDED from src/main/AndroidManifest.xml:57:13-43
	android:name
		ADDED from src/main/AndroidManifest.xml:58:13-89
activity#nodomain.strive.vimo.activities.AppBlacklistActivity
ADDED from src/main/AndroidManifest.xml:61:9-64:93
	android:label
		ADDED from src/main/AndroidManifest.xml:63:13-64
	android:parentActivityName
		ADDED from src/main/AndroidManifest.xml:64:13-90
	android:name
		ADDED from src/main/AndroidManifest.xml:62:13-80
activity#nodomain.strive.vimo.activities.FwAppInstallerActivity
ADDED from src/main/AndroidManifest.xml:65:9-203:20
	android:label
		ADDED from src/main/AndroidManifest.xml:67:13-67
	android:parentActivityName
		ADDED from src/main/AndroidManifest.xml:68:13-87
	android:name
		ADDED from src/main/AndroidManifest.xml:66:13-82
intent-filter#android.intent.action.VIEW+android.intent.category.DEFAULT
ADDED from src/main/AndroidManifest.xml:69:13-122:29
action#android.intent.action.VIEW
ADDED from src/main/AndroidManifest.xml:70:17-69
	android:name
		ADDED from src/main/AndroidManifest.xml:70:25-66
category#android.intent.category.DEFAULT
ADDED from src/main/AndroidManifest.xml:72:17-76
	android:name
		ADDED from src/main/AndroidManifest.xml:72:27-73
data
ADDED from src/main/AndroidManifest.xml:74:17-48
	android:mimeType
		ADDED from src/main/AndroidManifest.xml:74:23-45
intent-filter#android.intent.action.SEND+android.intent.category.DEFAULT
ADDED from src/main/AndroidManifest.xml:195:13-202:29
action#android.intent.action.SEND
ADDED from src/main/AndroidManifest.xml:196:17-69
	android:name
		ADDED from src/main/AndroidManifest.xml:196:25-66
service#nodomain.strive.vimo.externalevents.NotificationListener
ADDED from src/main/AndroidManifest.xml:205:9-212:19
	android:label
		ADDED from src/main/AndroidManifest.xml:207:13-45
	android:permission
		ADDED from src/main/AndroidManifest.xml:208:13-87
	android:name
		ADDED from src/main/AndroidManifest.xml:206:13-84
intent-filter#android.service.notification.NotificationListenerService
ADDED from src/main/AndroidManifest.xml:209:13-211:29
action#android.service.notification.NotificationListenerService
ADDED from src/main/AndroidManifest.xml:210:17-99
	android:name
		ADDED from src/main/AndroidManifest.xml:210:25-96
service#nodomain.strive.vimo.service.DeviceCommunicationService
ADDED from src/main/AndroidManifest.xml:213:9-91
	android:name
		ADDED from src/main/AndroidManifest.xml:213:18-88
receiver#nodomain.strive.vimo.externalevents.WeatherNotificationReceiver
ADDED from src/main/AndroidManifest.xml:215:9-221:20
	android:enabled
		ADDED from src/main/AndroidManifest.xml:217:13-35
	android:name
		ADDED from src/main/AndroidManifest.xml:216:13-91
intent-filter#ru.gelin.android.weather.notification.ACTION_WEATHER_UPDATE_2
ADDED from src/main/AndroidManifest.xml:218:13-220:29
action#ru.gelin.android.weather.notification.ACTION_WEATHER_UPDATE_2
ADDED from src/main/AndroidManifest.xml:219:17-104
	android:name
		ADDED from src/main/AndroidManifest.xml:219:25-101
activity#nodomain.strive.vimo.externalevents.WeatherNotificationConfig
ADDED from src/main/AndroidManifest.xml:223:9-227:20
	android:name
		ADDED from src/main/AndroidManifest.xml:223:19-95
intent-filter#ru.gelin.android.weather.notification.ACTION_WEATHER_SKIN_PREFERENCES
ADDED from src/main/AndroidManifest.xml:224:13-226:29
action#ru.gelin.android.weather.notification.ACTION_WEATHER_SKIN_PREFERENCES
ADDED from src/main/AndroidManifest.xml:225:17-111
	android:name
		ADDED from src/main/AndroidManifest.xml:225:25-109
receiver#nodomain.strive.vimo.externalevents.BluetoothStateChangeReceiver
ADDED from src/main/AndroidManifest.xml:229:9-235:20
	android:exported
		ADDED from src/main/AndroidManifest.xml:231:13-37
	android:name
		ADDED from src/main/AndroidManifest.xml:230:13-92
intent-filter#android.bluetooth.adapter.action.STATE_CHANGED
ADDED from src/main/AndroidManifest.xml:232:13-234:29
action#android.bluetooth.adapter.action.STATE_CHANGED
ADDED from src/main/AndroidManifest.xml:233:17-89
	android:name
		ADDED from src/main/AndroidManifest.xml:233:25-86
receiver#nodomain.strive.vimo.service.receivers.GBMusicControlReceiver
ADDED from src/main/AndroidManifest.xml:236:9-242:20
	android:exported
		ADDED from src/main/AndroidManifest.xml:238:13-37
	android:name
		ADDED from src/main/AndroidManifest.xml:237:13-89
intent-filter#nodomain.freeyourgadget.gadgetbridge.musiccontrol
ADDED from src/main/AndroidManifest.xml:239:13-241:29
action#nodomain.freeyourgadget.gadgetbridge.musiccontrol
ADDED from src/main/AndroidManifest.xml:240:17-92
	android:name
		ADDED from src/main/AndroidManifest.xml:240:25-89
receiver#nodomain.strive.vimo.service.receivers.GBCallControlReceiver
ADDED from src/main/AndroidManifest.xml:243:9-249:20
	android:exported
		ADDED from src/main/AndroidManifest.xml:245:13-37
	android:name
		ADDED from src/main/AndroidManifest.xml:244:13-88
intent-filter#nodomain.freeyourgadget.gadgetbridge.callcontrol
ADDED from src/main/AndroidManifest.xml:246:13-248:29
action#nodomain.freeyourgadget.gadgetbridge.callcontrol
ADDED from src/main/AndroidManifest.xml:247:17-91
	android:name
		ADDED from src/main/AndroidManifest.xml:247:25-88
activity#nodomain.strive.vimo.activities.DebugActivity
ADDED from src/main/AndroidManifest.xml:255:9-260:57
	android:screenOrientation
		ADDED from src/main/AndroidManifest.xml:259:13-49
	android:label
		ADDED from src/main/AndroidManifest.xml:257:13-57
	android:parentActivityName
		ADDED from src/main/AndroidManifest.xml:258:13-87
	android:windowSoftInputMode
		ADDED from src/main/AndroidManifest.xml:260:13-54
	android:name
		ADDED from src/main/AndroidManifest.xml:256:13-73
activity#nodomain.strive.vimo.activities.DbManagementActivity
ADDED from src/main/AndroidManifest.xml:261:9-266:57
	android:screenOrientation
		ADDED from src/main/AndroidManifest.xml:265:13-49
	android:label
		ADDED from src/main/AndroidManifest.xml:263:13-65
	android:parentActivityName
		ADDED from src/main/AndroidManifest.xml:264:13-87
	android:windowSoftInputMode
		ADDED from src/main/AndroidManifest.xml:266:13-54
	android:name
		ADDED from src/main/AndroidManifest.xml:262:13-80
activity#nodomain.strive.vimo.activities.OnboardingActivity
ADDED from src/main/AndroidManifest.xml:267:9-271:52
	android:screenOrientation
		ADDED from src/main/AndroidManifest.xml:271:13-49
	android:label
		ADDED from src/main/AndroidManifest.xml:269:13-62
	android:parentActivityName
		ADDED from src/main/AndroidManifest.xml:270:13-87
	android:name
		ADDED from src/main/AndroidManifest.xml:268:13-78
activity#nodomain.strive.vimo.activities.DiscoveryActivity
ADDED from src/main/AndroidManifest.xml:272:9-275:90
	android:label
		ADDED from src/main/AndroidManifest.xml:274:13-61
	android:parentActivityName
		ADDED from src/main/AndroidManifest.xml:275:13-87
	android:name
		ADDED from src/main/AndroidManifest.xml:273:13-77
activity#nodomain.strive.vimo.activities.AndroidPairingActivity
ADDED from src/main/AndroidManifest.xml:276:9-278:70
	android:label
		ADDED from src/main/AndroidManifest.xml:278:13-67
	android:name
		ADDED from src/main/AndroidManifest.xml:277:13-82
activity#nodomain.strive.vimo.devices.miband.MiBandPairingActivity
ADDED from src/main/AndroidManifest.xml:279:9-281:70
	android:label
		ADDED from src/main/AndroidManifest.xml:281:13-67
	android:name
		ADDED from src/main/AndroidManifest.xml:280:13-85
activity#nodomain.strive.vimo.devices.pebble.PebblePairingActivity
ADDED from src/main/AndroidManifest.xml:282:9-284:69
	android:label
		ADDED from src/main/AndroidManifest.xml:284:13-66
	android:name
		ADDED from src/main/AndroidManifest.xml:283:13-85
activity#nodomain.strive.vimo.activities.charts.ChartsActivity
ADDED from src/main/AndroidManifest.xml:285:9-288:90
	android:label
		ADDED from src/main/AndroidManifest.xml:287:13-58
	android:parentActivityName
		ADDED from src/main/AndroidManifest.xml:288:13-87
	android:name
		ADDED from src/main/AndroidManifest.xml:286:13-81
activity#nodomain.strive.vimo.activities.ConfigureAlarms
ADDED from src/main/AndroidManifest.xml:289:9-292:93
	android:label
		ADDED from src/main/AndroidManifest.xml:291:13-61
	android:parentActivityName
		ADDED from src/main/AndroidManifest.xml:292:13-90
	android:name
		ADDED from src/main/AndroidManifest.xml:290:13-75
activity#nodomain.strive.vimo.activities.AlarmDetails
ADDED from src/main/AndroidManifest.xml:293:9-296:92
	android:label
		ADDED from src/main/AndroidManifest.xml:295:13-65
	android:parentActivityName
		ADDED from src/main/AndroidManifest.xml:296:13-89
	android:name
		ADDED from src/main/AndroidManifest.xml:294:13-72
activity#nodomain.strive.vimo.activities.VibrationActivity
ADDED from src/main/AndroidManifest.xml:297:9-300:90
	android:label
		ADDED from src/main/AndroidManifest.xml:299:13-61
	android:parentActivityName
		ADDED from src/main/AndroidManifest.xml:300:13-87
	android:name
		ADDED from src/main/AndroidManifest.xml:298:13-77
provider#nodomain.strive.vimo.contentprovider.PebbleContentProvider
ADDED from src/main/AndroidManifest.xml:302:9-305:39
	android:authorities
		ADDED from src/main/AndroidManifest.xml:304:13-65
	android:exported
		ADDED from src/main/AndroidManifest.xml:305:13-36
	android:name
		ADDED from src/main/AndroidManifest.xml:303:13-86
receiver#nodomain.strive.vimo.SleepAlarmWidget
ADDED from src/main/AndroidManifest.xml:307:9-316:20
	android:name
		ADDED from src/main/AndroidManifest.xml:307:19-71
intent-filter#android.appwidget.action.APPWIDGET_UPDATE+nodomain.freeyourgadget.gadgetbridge.SLEEP_ALARM_WIDGET_CLICK
ADDED from src/main/AndroidManifest.xml:308:13-311:29
action#android.appwidget.action.APPWIDGET_UPDATE
ADDED from src/main/AndroidManifest.xml:309:17-84
	android:name
		ADDED from src/main/AndroidManifest.xml:309:25-81
action#nodomain.freeyourgadget.gadgetbridge.SLEEP_ALARM_WIDGET_CLICK
ADDED from src/main/AndroidManifest.xml:310:17-104
	android:name
		ADDED from src/main/AndroidManifest.xml:310:25-101
meta-data#android.appwidget.provider
ADDED from src/main/AndroidManifest.xml:313:13-315:67
	android:resource
		ADDED from src/main/AndroidManifest.xml:315:17-64
	android:name
		ADDED from src/main/AndroidManifest.xml:314:17-58
activity#nodomain.strive.vimo.activities.ExternalPebbleJSActivity
ADDED from src/main/AndroidManifest.xml:318:9-334:20
	android:clearTaskOnLaunch
		ADDED from src/main/AndroidManifest.xml:321:13-45
	android:label
		ADDED from src/main/AndroidManifest.xml:323:13-50
	android:parentActivityName
		ADDED from src/main/AndroidManifest.xml:324:13-103
	android:launchMode
		ADDED from src/main/AndroidManifest.xml:319:13-44
	android:allowTaskReparenting
		ADDED from src/main/AndroidManifest.xml:320:13-48
	android:name
		ADDED from src/main/AndroidManifest.xml:322:13-84
meta-data#android.support.PARENT_ACTIVITY
ADDED from src/main/AndroidManifest.xml:325:13-327:81
	android:value
		ADDED from src/main/AndroidManifest.xml:327:17-78
	android:name
		ADDED from src/main/AndroidManifest.xml:326:17-63
intent-filter#android.intent.action.VIEW+android.intent.category.BROWSABLE+android.intent.category.DEFAULT
ADDED from src/main/AndroidManifest.xml:328:13-333:29
category#android.intent.category.BROWSABLE
ADDED from src/main/AndroidManifest.xml:331:17-77
	android:name
		ADDED from src/main/AndroidManifest.xml:331:27-75
uses-sdk
INJECTED from src/main/AndroidManifest.xml reason: use-sdk injection requested
MERGED from [com.android.support:design:23.3.0] AndroidManifest.xml:20:5-43
MERGED from [de.cketti.library.changelog:ckchangelog:1.2.2] AndroidManifest.xml:7:5-43
MERGED from [com.github.woxthebox:draglistview:1.2.6] AndroidManifest.xml:22:5-24:41
MERGED from [com.google.firebase:firebase-core:10.2.4] AndroidManifest.xml:4:5-43
MERGED from [com.google.firebase:firebase-analytics:10.2.4] AndroidManifest.xml:17:5-43
MERGED from [com.google.firebase:firebase-analytics-impl:10.2.4] AndroidManifest.xml:17:5-43
MERGED from [com.google.firebase:firebase-iid:10.2.4] AndroidManifest.xml:17:5-43
MERGED from [com.firebaseui:firebase-ui-database:1.2.0] AndroidManifest.xml:7:5-9:41
MERGED from [com.android.support:appcompat-v7:25.1.1] AndroidManifest.xml:21:5-23:78
MERGED from [com.android.support:animated-vector-drawable:25.1.1] AndroidManifest.xml:20:5-44
MERGED from [com.android.support:support-vector-drawable:25.1.1] AndroidManifest.xml:21:5-43
MERGED from [com.android.support:recyclerview-v7:25.1.1] AndroidManifest.xml:20:5-43
MERGED from [com.google.firebase:firebase-database:10.2.0] AndroidManifest.xml:3:5-43
MERGED from [com.google.firebase:firebase-database-connection:10.2.0] AndroidManifest.xml:3:5-43
MERGED from [com.google.firebase:firebase-auth:10.2.4] AndroidManifest.xml:17:5-43
MERGED from [com.google.android.gms:play-services-base:10.2.4] AndroidManifest.xml:17:5-43
MERGED from [com.google.firebase:firebase-common:10.2.4] AndroidManifest.xml:3:5-43
MERGED from [com.google.android.gms:play-services-tasks:10.2.4] AndroidManifest.xml:3:5-43
MERGED from [com.google.android.gms:play-services-basement:10.2.4] AndroidManifest.xml:17:5-43
MERGED from [com.android.support:support-v4:25.1.1] AndroidManifest.xml:21:5-23:54
MERGED from [com.android.support:support-fragment:25.1.1] AndroidManifest.xml:21:5-23:60
MERGED from [com.android.support:support-media-compat:25.1.1] AndroidManifest.xml:21:5-23:63
MERGED from [com.android.support:support-core-ui:25.1.1] AndroidManifest.xml:21:5-23:58
MERGED from [com.android.support:support-core-utils:25.1.1] AndroidManifest.xml:21:5-23:61
MERGED from [com.android.support:support-compat:25.1.1] AndroidManifest.xml:21:5-23:58
	tools:overrideLibrary
		ADDED from [com.android.support:appcompat-v7:25.1.1] AndroidManifest.xml:23:9-75
	android:targetSdkVersion
		INJECTED from src/main/AndroidManifest.xml
		INJECTED from src/main/AndroidManifest.xml
	android:minSdkVersion
		INJECTED from src/main/AndroidManifest.xml
		INJECTED from src/main/AndroidManifest.xml
uses-permission#android.permission.INTERNET
ADDED from [com.google.firebase:firebase-analytics:10.2.4] AndroidManifest.xml:20:5-66
MERGED from [com.google.firebase:firebase-analytics-impl:10.2.4] AndroidManifest.xml:20:5-66
MERGED from [com.google.firebase:firebase-iid:10.2.4] AndroidManifest.xml:20:5-66
MERGED from [com.firebaseui:firebase-ui-database:1.2.0] AndroidManifest.xml:11:5-67
	android:name
		ADDED from [com.google.firebase:firebase-analytics:10.2.4] AndroidManifest.xml:20:22-64
uses-permission#android.permission.ACCESS_NETWORK_STATE
ADDED from [com.google.firebase:firebase-analytics:10.2.4] AndroidManifest.xml:21:5-78
MERGED from [com.google.firebase:firebase-analytics-impl:10.2.4] AndroidManifest.xml:21:5-78
MERGED from [com.google.firebase:firebase-iid:10.2.4] AndroidManifest.xml:19:5-78
	android:name
		ADDED from [com.google.firebase:firebase-analytics:10.2.4] AndroidManifest.xml:21:22-76
uses-permission#android.permission.WAKE_LOCK
ADDED from [com.google.firebase:firebase-analytics:10.2.4] AndroidManifest.xml:22:5-67
MERGED from [com.google.firebase:firebase-analytics-impl:10.2.4] AndroidManifest.xml:22:5-67
MERGED from [com.google.firebase:firebase-iid:10.2.4] AndroidManifest.xml:21:5-67
	android:name
		ADDED from [com.google.firebase:firebase-analytics:10.2.4] AndroidManifest.xml:22:22-65
receiver#com.google.android.gms.measurement.AppMeasurementReceiver
ADDED from [com.google.firebase:firebase-analytics:10.2.4] AndroidManifest.xml:25:7-26:18
MERGED from [com.google.firebase:firebase-analytics-impl:10.2.4] AndroidManifest.xml:25:7-26:18
	android:enabled
		ADDED from [com.google.firebase:firebase-analytics:10.2.4] AndroidManifest.xml:25:90-112
	android:exported
		ADDED from [com.google.firebase:firebase-analytics:10.2.4] AndroidManifest.xml:25:113-137
	android:name
		ADDED from [com.google.firebase:firebase-analytics:10.2.4] AndroidManifest.xml:25:17-89
receiver#com.google.android.gms.measurement.AppMeasurementInstallReferrerReceiver
ADDED from [com.google.firebase:firebase-analytics:10.2.4] AndroidManifest.xml:27:7-31:18
	android:enabled
		ADDED from [com.google.firebase:firebase-analytics:10.2.4] AndroidManifest.xml:27:162-184
	android:permission
		ADDED from [com.google.firebase:firebase-analytics:10.2.4] AndroidManifest.xml:27:105-161
	android:name
		ADDED from [com.google.firebase:firebase-analytics:10.2.4] AndroidManifest.xml:27:17-104
intent-filter#com.android.vending.INSTALL_REFERRER
ADDED from [com.google.firebase:firebase-analytics:10.2.4] AndroidManifest.xml:28:11-30:27
action#com.android.vending.INSTALL_REFERRER
ADDED from [com.google.firebase:firebase-analytics:10.2.4] AndroidManifest.xml:29:15-76
	android:name
		ADDED from [com.google.firebase:firebase-analytics:10.2.4] AndroidManifest.xml:29:23-74
service#com.google.android.gms.measurement.AppMeasurementService
ADDED from [com.google.firebase:firebase-analytics:10.2.4] AndroidManifest.xml:32:7-137
MERGED from [com.google.firebase:firebase-analytics-impl:10.2.4] AndroidManifest.xml:27:7-137
	android:enabled
		ADDED from [com.google.firebase:firebase-analytics:10.2.4] AndroidManifest.xml:32:88-110
	android:exported
		ADDED from [com.google.firebase:firebase-analytics:10.2.4] AndroidManifest.xml:32:111-135
	android:name
		ADDED from [com.google.firebase:firebase-analytics:10.2.4] AndroidManifest.xml:32:16-87
uses-permission#com.google.android.c2dm.permission.RECEIVE
ADDED from [com.google.firebase:firebase-iid:10.2.4] AndroidManifest.xml:22:5-81
	android:name
		ADDED from [com.google.firebase:firebase-iid:10.2.4] AndroidManifest.xml:22:22-79
permission#${applicationId}.permission.C2D_MESSAGE
ADDED from [com.google.firebase:firebase-iid:10.2.4] AndroidManifest.xml:24:5-109
	android:protectionLevel
		ADDED from [com.google.firebase:firebase-iid:10.2.4] AndroidManifest.xml:24:72-107
	android:name
		ADDED from [com.google.firebase:firebase-iid:10.2.4] AndroidManifest.xml:24:17-71
uses-permission#${applicationId}.permission.C2D_MESSAGE
ADDED from [com.google.firebase:firebase-iid:10.2.4] AndroidManifest.xml:26:5-78
	android:name
		ADDED from [com.google.firebase:firebase-iid:10.2.4] AndroidManifest.xml:26:22-76
receiver#com.google.firebase.iid.FirebaseInstanceIdReceiver
ADDED from [com.google.firebase:firebase-iid:10.2.4] AndroidManifest.xml:30:9-35:20
	android:exported
		ADDED from [com.google.firebase:firebase-iid:10.2.4] AndroidManifest.xml:30:85-108
	android:permission
		ADDED from [com.google.firebase:firebase-iid:10.2.4] AndroidManifest.xml:30:109-169
	android:name
		ADDED from [com.google.firebase:firebase-iid:10.2.4] AndroidManifest.xml:30:19-84
intent-filter#${applicationId}+com.google.android.c2dm.intent.RECEIVE
ADDED from [com.google.firebase:firebase-iid:10.2.4] AndroidManifest.xml:31:13-34:29
action#com.google.android.c2dm.intent.RECEIVE
ADDED from [com.google.firebase:firebase-iid:10.2.4] AndroidManifest.xml:32:17-80
	android:name
		ADDED from [com.google.firebase:firebase-iid:10.2.4] AndroidManifest.xml:32:25-78
category#${applicationId}
ADDED from [com.google.firebase:firebase-iid:10.2.4] AndroidManifest.xml:33:17-60
	android:name
		ADDED from [com.google.firebase:firebase-iid:10.2.4] AndroidManifest.xml:33:27-58
receiver#com.google.firebase.iid.FirebaseInstanceIdInternalReceiver
ADDED from [com.google.firebase:firebase-iid:10.2.4] AndroidManifest.xml:39:9-119
	android:exported
		ADDED from [com.google.firebase:firebase-iid:10.2.4] AndroidManifest.xml:39:93-117
	android:name
		ADDED from [com.google.firebase:firebase-iid:10.2.4] AndroidManifest.xml:39:19-92
service#com.google.firebase.iid.FirebaseInstanceIdService
ADDED from [com.google.firebase:firebase-iid:10.2.4] AndroidManifest.xml:43:9-47:19
	android:exported
		ADDED from [com.google.firebase:firebase-iid:10.2.4] AndroidManifest.xml:43:83-106
	android:name
		ADDED from [com.google.firebase:firebase-iid:10.2.4] AndroidManifest.xml:43:18-82
intent-filter#com.google.firebase.INSTANCE_ID_EVENT
ADDED from [com.google.firebase:firebase-iid:10.2.4] AndroidManifest.xml:44:13-46:29
	android:priority
		ADDED from [com.google.firebase:firebase-iid:10.2.4] AndroidManifest.xml:44:28-51
action#com.google.firebase.INSTANCE_ID_EVENT
ADDED from [com.google.firebase:firebase-iid:10.2.4] AndroidManifest.xml:45:17-79
	android:name
		ADDED from [com.google.firebase:firebase-iid:10.2.4] AndroidManifest.xml:45:25-77
meta-data#com.google.android.gms.version
ADDED from [com.firebaseui:firebase-ui-database:1.2.0] AndroidManifest.xml:14:9-16:69
MERGED from [com.google.android.gms:play-services-basement:10.2.4] AndroidManifest.xml:20:9-121
	android:value
		ADDED from [com.firebaseui:firebase-ui-database:1.2.0] AndroidManifest.xml:16:13-66
	android:name
		ADDED from [com.firebaseui:firebase-ui-database:1.2.0] AndroidManifest.xml:15:13-58
activity#com.google.android.gms.common.api.GoogleApiActivity
ADDED from [com.google.android.gms:play-services-base:10.2.4] AndroidManifest.xml:19:9-172
	android:exported
		ADDED from [com.google.android.gms:play-services-base:10.2.4] AndroidManifest.xml:19:146-170
	android:theme
		ADDED from [com.google.android.gms:play-services-base:10.2.4] AndroidManifest.xml:19:86-145
	android:name
		ADDED from [com.google.android.gms:play-services-base:10.2.4] AndroidManifest.xml:19:19-85
provider#com.google.firebase.provider.FirebaseInitProvider
ADDED from [com.google.firebase:firebase-common:10.2.4] AndroidManifest.xml:6:9-194
	android:authorities
		ADDED from [com.google.firebase:firebase-common:10.2.4] AndroidManifest.xml:6:19-78
	android:exported
		ADDED from [com.google.firebase:firebase-common:10.2.4] AndroidManifest.xml:6:144-168
	android:initOrder
		ADDED from [com.google.firebase:firebase-common:10.2.4] AndroidManifest.xml:6:169-192
	android:name
		ADDED from [com.google.firebase:firebase-common:10.2.4] AndroidManifest.xml:6:79-143